<?xml version="1.0" encoding="UTF-8"?>
<!-- Generated by org.testng.reporters.JUnitReportReporter -->
<testsuite hostname="DESKTOP-Q0S3LGK" failures="0" tests="1" name="com.share.testcase.CreateAccount" time="0.015" errors="0" timestamp="2023-07-13T22:30:50 IST" skipped="1">
  <testcase classname="com.share.testcase.CreateAccount" name="createAccount" time="0.015">
    <skipped/>
  </testcase> <!-- createAccount -->
  <system-out/>
</testsuite> <!-- com.share.testcase.CreateAccount -->
