<?xml version="1.0" encoding="UTF-8"?>
<!-- Generated by org.testng.reporters.JUnitReportReporter -->
<testsuite hostname="DESKTOP-Q0S3LGK" failures="0" tests="1" name="com.share.testcase.testcase1" time="3.104" errors="0" timestamp="2023-05-18T10:32:54 IST" skipped="0">
  <testcase classname="com.share.testcase.testcase1" name="loginasBankManager" time="3.104"/>
  <system-out/>
</testsuite> <!-- com.share.testcase.testcase1 -->
