<?xml version="1.0" encoding="UTF-8"?>
<!-- Generated by org.testng.reporters.JUnitReportReporter -->
<testsuite hostname="DESKTOP-Q0S3LGK" failures="0" tests="1" name="com.share.testcase.BankManagerLoginTest" time="3.106" errors="0" timestamp="2023-06-07T18:28:41 IST" skipped="0">
  <testcase classname="com.share.testcase.BankManagerLoginTest" name="loginasBankManager" time="3.106"/>
  <system-out/>
</testsuite> <!-- com.share.testcase.BankManagerLoginTest -->
